<?xml version="1.0" encoding="UTF-8" standalone="no"?>
<testsuite errors="0" failures="2" name="io.cucumber.core.plugin.JUnitFormatter" skipped="0" tests="3" time="185.505">
<testcase classname="F02_Login | users could use login functionality to use their accounts" name="user could login with valid email and password" time="98.684">
<failure message="Could not start a new session. Response code 500. Message: chrome not reachable &#10;Host info: host: 'DESKTOP-9NM8O65', ip: '192.168.1.8'&#10;Build info: version: '4.6.0', revision: '79f1c02ae20'&#10;System info: os.name: 'Windows 10', os.arch: 'amd64', os.version: '10.0', java.version: '1.8.0_351'&#10;Driver info: org.openqa.selenium.chrome.ChromeDriver&#10;Command: [null, newSession {capabilities=[Capabilities {browserName: chrome, goog:chromeOptions: {args: [], extensions: []}}], desiredCapabilities=Capabilities {browserName: chrome, goog:chromeOptions: {args: [], extensions: []}}}]" type="org.openqa.selenium.SessionNotCreatedException"><![CDATA[Given user go to login page.................................................skipped
And user entre valid email "test@example.com" and password "P@ssw0rd".......skipped
Then user click on login button.............................................skipped

StackTrace:
org.openqa.selenium.SessionNotCreatedException: Could not start a new session. Response code 500. Message: chrome not reachable 
Host info: host: 'DESKTOP-9NM8O65', ip: '192.168.1.8'
Build info: version: '4.6.0', revision: '79f1c02ae20'
System info: os.name: 'Windows 10', os.arch: 'amd64', os.version: '10.0', java.version: '1.8.0_351'
Driver info: org.openqa.selenium.chrome.ChromeDriver
Command: [null, newSession {capabilities=[Capabilities {browserName: chrome, goog:chromeOptions: {args: [], extensions: []}}], desiredCapabilities=Capabilities {browserName: chrome, goog:chromeOptions: {args: [], extensions: []}}}]
	at org.openqa.selenium.remote.ProtocolHandshake.createSession(ProtocolHandshake.java:146)
	at org.openqa.selenium.remote.ProtocolHandshake.createSession(ProtocolHandshake.java:101)
	at org.openqa.selenium.remote.ProtocolHandshake.createSession(ProtocolHandshake.java:67)
	at org.openqa.selenium.remote.HttpCommandExecutor.execute(HttpCommandExecutor.java:156)
	at org.openqa.selenium.remote.service.DriverCommandExecutor.invokeExecute(DriverCommandExecutor.java:167)
	at org.openqa.selenium.remote.service.DriverCommandExecutor.execute(DriverCommandExecutor.java:142)
	at org.openqa.selenium.remote.RemoteWebDriver.execute(RemoteWebDriver.java:541)
	at org.openqa.selenium.remote.RemoteWebDriver.startSession(RemoteWebDriver.java:242)
	at org.openqa.selenium.remote.RemoteWebDriver.<init>(RemoteWebDriver.java:157)
	at org.openqa.selenium.chromium.ChromiumDriver.<init>(ChromiumDriver.java:101)
	at org.openqa.selenium.chrome.ChromeDriver.<init>(ChromeDriver.java:81)
	at org.openqa.selenium.chrome.ChromeDriver.<init>(ChromeDriver.java:49)
	at org.example.stepDefinition.Hooks.openBrowser(Hooks.java:19)
]]></failure>
</testcase>
<testcase classname="F02_Login | users could use login functionality to use their accounts" name="user entre invalid email and valid password" time="66.418">
<failure message="unexpected alert open: {Alert text : Please enter some search keyword}&#10;  (Session info: chrome=108.0.5359.99): Please enter some search keyword&#10;Build info: version: '4.6.0', revision: '79f1c02ae20'&#10;System info: os.name: 'Windows 10', os.arch: 'amd64', os.version: '10.0', java.version: '1.8.0_351'&#10;Driver info: org.openqa.selenium.chrome.ChromeDriver&#10;Command: [44644564fdf3df582edd210d0c7e36eb, findElement {using=xpath, value=//div[@class=&quot;message-error validation-summary-errors&quot;]}]&#10;Capabilities {acceptInsecureCerts: false, browserName: chrome, browserVersion: 108.0.5359.99, chrome: {chromedriverVersion: 107.0.5304.62 (1eec40d3a576..., userDataDir: C:\Users\10\AppData\Local\T...}, goog:chromeOptions: {debuggerAddress: localhost:53209}, networkConnectionEnabled: false, pageLoadStrategy: normal, platformName: WINDOWS, proxy: Proxy(), se:cdp: ws://localhost:53209/devtoo..., se:cdpVersion: 108.0.5359.99, setWindowRect: true, strictFileInteractability: false, timeouts: {implicit: 0, pageLoad: 300000, script: 30000}, unhandledPromptBehavior: dismiss and notify, webauthn:extension:credBlob: true, webauthn:extension:largeBlob: true, webauthn:virtualAuthenticators: true}&#10;Session ID: 44644564fdf3df582edd210d0c7e36eb" type="org.openqa.selenium.UnhandledAlertException"><![CDATA[Given user go to login page.................................................passed
And user entre invalid email "wrong@example.com" and valid password "P@ssw0rd".passed
Then user click on login button.............................................passed
And unsuccessful message....................................................failed

StackTrace:
org.openqa.selenium.UnhandledAlertException: unexpected alert open: {Alert text : Please enter some search keyword}
  (Session info: chrome=108.0.5359.99): Please enter some search keyword
Build info: version: '4.6.0', revision: '79f1c02ae20'
System info: os.name: 'Windows 10', os.arch: 'amd64', os.version: '10.0', java.version: '1.8.0_351'
Driver info: org.openqa.selenium.chrome.ChromeDriver
Command: [44644564fdf3df582edd210d0c7e36eb, findElement {using=xpath, value=//div[@class="message-error validation-summary-errors"]}]
Capabilities {acceptInsecureCerts: false, browserName: chrome, browserVersion: 108.0.5359.99, chrome: {chromedriverVersion: 107.0.5304.62 (1eec40d3a576..., userDataDir: C:\Users\10\AppData\Local\T...}, goog:chromeOptions: {debuggerAddress: localhost:53209}, networkConnectionEnabled: false, pageLoadStrategy: normal, platformName: WINDOWS, proxy: Proxy(), se:cdp: ws://localhost:53209/devtoo..., se:cdpVersion: 108.0.5359.99, setWindowRect: true, strictFileInteractability: false, timeouts: {implicit: 0, pageLoad: 300000, script: 30000}, unhandledPromptBehavior: dismiss and notify, webauthn:extension:credBlob: true, webauthn:extension:largeBlob: true, webauthn:virtualAuthenticators: true}
Session ID: 44644564fdf3df582edd210d0c7e36eb
	at org.openqa.selenium.remote.codec.w3c.W3CHttpResponseCodec.decode(W3CHttpResponseCodec.java:131)
	at org.openqa.selenium.remote.codec.w3c.W3CHttpResponseCodec.decode(W3CHttpResponseCodec.java:53)
	at org.openqa.selenium.remote.HttpCommandExecutor.execute(HttpCommandExecutor.java:184)
	at org.openqa.selenium.remote.service.DriverCommandExecutor.invokeExecute(DriverCommandExecutor.java:167)
	at org.openqa.selenium.remote.service.DriverCommandExecutor.execute(DriverCommandExecutor.java:142)
	at org.openqa.selenium.remote.RemoteWebDriver.execute(RemoteWebDriver.java:541)
	at org.openqa.selenium.remote.ElementLocation$ElementFinder$2.findElement(ElementLocation.java:162)
	at org.openqa.selenium.remote.ElementLocation.findElement(ElementLocation.java:60)
	at org.openqa.selenium.remote.RemoteWebDriver.findElement(RemoteWebDriver.java:365)
	at org.openqa.selenium.remote.RemoteWebDriver.findElement(RemoteWebDriver.java:357)
	at org.example.stepDefinition.LoginStepDef2.unsuccessMesg(LoginStepDef2.java:39)
	at âœ½.unsuccessful message(file:///C:/Users/10/IdeaProjects/lab/src/E-CommerceR/src/main/resources/Features/Login.feature:16)
]]></failure>
</testcase>
<testcase classname="F01_Register | users could register with new accounts" name="guest user could register with valid data successfully" time="19.242">
<system-out><![CDATA[Given user go to register page..............................................passed
When user entre gender type.................................................passed
And user entre first name "automation" and last name "tester"...............passed
And user enter date of birth................................................passed
And user entre valid email..................................................passed
And user entre password "P@ssw0rd" and confirm password "P@ssw0rd"..........passed
And click on registration button............................................passed
Then you register successfully..............................................passed
]]></system-out>
</testcase>
</testsuite>
